<?xml version="1.0" encoding="UTF-8"?>
<testng-results skipped="0" failed="0" ignored="0" total="2" passed="2">
  <reporter-output>
  </reporter-output>
  <suite name="Command line suite" duration-ms="13794" started-at="2021-05-25T16:49:59 IST" finished-at="2021-05-25T16:50:13 IST">
    <groups>
    </groups>
    <test name="Command line test" duration-ms="13794" started-at="2021-05-25T16:49:59 IST" finished-at="2021-05-25T16:50:13 IST">
      <class name="testpackage.NewTest">
        <test-method status="PASS" signature="f()[pri:0, instance:testpackage.NewTest@2ac273d3]" name="f" duration-ms="6337" started-at="2021-05-25T16:50:06 IST" finished-at="2021-05-25T16:50:13 IST">
          <reporter-output>
          </reporter-output>
        </test-method> <!-- f -->
      </class> <!-- testpackage.NewTest -->
      <class name="testpackage.ATest">
        <test-method status="PASS" signature="f()[pri:0, instance:testpackage.ATest@5383967b]" name="f" duration-ms="7423" started-at="2021-05-25T16:49:59 IST" finished-at="2021-05-25T16:50:06 IST">
          <reporter-output>
          </reporter-output>
        </test-method> <!-- f -->
      </class> <!-- testpackage.ATest -->
    </test> <!-- Command line test -->
  </suite> <!-- Command line suite -->
</testng-results>
