<?xml version="1.0" encoding="UTF-8"?>
<testng-results skipped="0" failed="0" ignored="0" total="2" passed="2">
  <reporter-output>
  </reporter-output>
  <suite name="Suite" duration-ms="24310" started-at="2021-05-25T16:45:17 IST" finished-at="2021-05-25T16:45:41 IST">
    <groups>
    </groups>
    <test name="Test" duration-ms="24310" started-at="2021-05-25T16:45:17 IST" finished-at="2021-05-25T16:45:41 IST">
      <class name="testpackage.NewTest">
        <test-method status="PASS" signature="f()[pri:0, instance:testpackage.NewTest@467aecef]" name="f" duration-ms="15465" started-at="2021-05-25T16:45:17 IST" finished-at="2021-05-25T16:45:33 IST">
          <reporter-output>
          </reporter-output>
        </test-method> <!-- f -->
      </class> <!-- testpackage.NewTest -->
      <class name="testpackage.sel1">
        <test-method status="PASS" signature="f()[pri:0, instance:testpackage.sel1@4d50efb8]" name="f" duration-ms="8791" started-at="2021-05-25T16:45:33 IST" finished-at="2021-05-25T16:45:41 IST">
          <reporter-output>
          </reporter-output>
        </test-method> <!-- f -->
      </class> <!-- testpackage.sel1 -->
    </test> <!-- Test -->
  </suite> <!-- Suite -->
</testng-results>
